2025-03-31 12:46:32,197 - INFO - ====== WebDriver manager ======
2025-03-31 12:46:33,167 - INFO - Get LATEST chromedriver version for google-chrome
2025-03-31 12:46:33,377 - INFO - Get LATEST chromedriver version for google-chrome
2025-03-31 12:46:33,564 - INFO - There is no [win64] chromedriver "134.0.6998.165" for browser google-chrome "134.0.6998" in cache
2025-03-31 12:46:33,565 - INFO - Get LATEST chromedriver version for google-chrome
2025-03-31 12:46:33,935 - INFO - WebDriver version 134.0.6998.165 selected
2025-03-31 12:46:33,938 - INFO - Modern chrome version https://storage.googleapis.com/chrome-for-testing-public/134.0.6998.165/win32/chromedriver-win32.zip
2025-03-31 12:46:33,939 - INFO - About to download new driver from https://storage.googleapis.com/chrome-for-testing-public/134.0.6998.165/win32/chromedriver-win32.zip
2025-03-31 12:46:34,083 - INFO - Driver downloading response is 200
2025-03-31 12:46:35,827 - INFO - Get LATEST chromedriver version for google-chrome
2025-03-31 12:46:36,838 - INFO - Driver has been saved in cache [C:\Users\omals\.wdm\drivers\chromedriver\win64\134.0.6998.165]
2025-03-31 12:46:36,867 - ERROR - Main process failed: [WinError 193] %1 is not a valid Win32 application
2025-03-31 12:50:58,903 - INFO - WebDriver initialized successfully
2025-03-31 12:51:04,641 - ERROR - Failed to login: Message: element click intercepted: Element <button class=" _acan _acap _acas _aj1- _ap30" type="submit">...</button> is not clickable at point (1308, 438). Other element would receive the click: <div role="dialog" class="x1ja2u2z x1afcbsf x1a2a7pz x6ikm8r x10wlt62 x71s49j x6s0dn4 x78zum5 xdt5ytf xl56j7k x1n2onr6">...</div>
  (Session info: chrome=134.0.6998.178)
Stacktrace:
	GetHandleVerifier [0x00007FF6D7874C25+3179557]
	(No symbol) [0x00007FF6D74D88A0]
	(No symbol) [0x00007FF6D73691CA]
	(No symbol) [0x00007FF6D73C7929]
	(No symbol) [0x00007FF6D73C52E2]
	(No symbol) [0x00007FF6D73C2381]
	(No symbol) [0x00007FF6D73C1281]
	(No symbol) [0x00007FF6D73B2A24]
	(No symbol) [0x00007FF6D73E7C2A]
	(No symbol) [0x00007FF6D73B22D6]
	(No symbol) [0x00007FF6D73E7E40]
	(No symbol) [0x00007FF6D74102F3]
	(No symbol) [0x00007FF6D73E7A03]
	(No symbol) [0x00007FF6D73B06D0]
	(No symbol) [0x00007FF6D73B1983]
	GetHandleVerifier [0x00007FF6D78D67CD+3579853]
	GetHandleVerifier [0x00007FF6D78ED1D2+3672530]
	GetHandleVerifier [0x00007FF6D78E2153+3627347]
	GetHandleVerifier [0x00007FF6D764092A+868650]
	(No symbol) [0x00007FF6D74E2FFF]
	(No symbol) [0x00007FF6D74DF4A4]
	(No symbol) [0x00007FF6D74DF646]
	(No symbol) [0x00007FF6D74CEAA9]
	BaseThreadInitThunk [0x00007FFD696D259D+29]
	RtlUserThreadStart [0x00007FFD6B42AF38+40]

2025-03-31 12:51:04,644 - ERROR - Main process failed: Message: element click intercepted: Element <button class=" _acan _acap _acas _aj1- _ap30" type="submit">...</button> is not clickable at point (1308, 438). Other element would receive the click: <div role="dialog" class="x1ja2u2z x1afcbsf x1a2a7pz x6ikm8r x10wlt62 x71s49j x6s0dn4 x78zum5 xdt5ytf xl56j7k x1n2onr6">...</div>
  (Session info: chrome=134.0.6998.178)
Stacktrace:
	GetHandleVerifier [0x00007FF6D7874C25+3179557]
	(No symbol) [0x00007FF6D74D88A0]
	(No symbol) [0x00007FF6D73691CA]
	(No symbol) [0x00007FF6D73C7929]
	(No symbol) [0x00007FF6D73C52E2]
	(No symbol) [0x00007FF6D73C2381]
	(No symbol) [0x00007FF6D73C1281]
	(No symbol) [0x00007FF6D73B2A24]
	(No symbol) [0x00007FF6D73E7C2A]
	(No symbol) [0x00007FF6D73B22D6]
	(No symbol) [0x00007FF6D73E7E40]
	(No symbol) [0x00007FF6D74102F3]
	(No symbol) [0x00007FF6D73E7A03]
	(No symbol) [0x00007FF6D73B06D0]
	(No symbol) [0x00007FF6D73B1983]
	GetHandleVerifier [0x00007FF6D78D67CD+3579853]
	GetHandleVerifier [0x00007FF6D78ED1D2+3672530]
	GetHandleVerifier [0x00007FF6D78E2153+3627347]
	GetHandleVerifier [0x00007FF6D764092A+868650]
	(No symbol) [0x00007FF6D74E2FFF]
	(No symbol) [0x00007FF6D74DF4A4]
	(No symbol) [0x00007FF6D74DF646]
	(No symbol) [0x00007FF6D74CEAA9]
	BaseThreadInitThunk [0x00007FFD696D259D+29]
	RtlUserThreadStart [0x00007FFD6B42AF38+40]

2025-03-31 12:52:05,256 - INFO - WebDriver initialized successfully
2025-03-31 12:52:14,943 - INFO - Successfully logged in to Instagram
2025-03-31 12:52:25,082 - ERROR - Failed to search for keyword Nutrition Tips: Message: 
Stacktrace:
	GetHandleVerifier [0x00007FF6D7874C25+3179557]
	(No symbol) [0x00007FF6D74D88A0]
	(No symbol) [0x00007FF6D73691CA]
	(No symbol) [0x00007FF6D73BFA67]
	(No symbol) [0x00007FF6D73BFC9C]
	(No symbol) [0x00007FF6D7413627]
	(No symbol) [0x00007FF6D73E7C6F]
	(No symbol) [0x00007FF6D74102F3]
	(No symbol) [0x00007FF6D73E7A03]
	(No symbol) [0x00007FF6D73B06D0]
	(No symbol) [0x00007FF6D73B1983]
	GetHandleVerifier [0x00007FF6D78D67CD+3579853]
	GetHandleVerifier [0x00007FF6D78ED1D2+3672530]
	GetHandleVerifier [0x00007FF6D78E2153+3627347]
	GetHandleVerifier [0x00007FF6D764092A+868650]
	(No symbol) [0x00007FF6D74E2FFF]
	(No symbol) [0x00007FF6D74DF4A4]
	(No symbol) [0x00007FF6D74DF646]
	(No symbol) [0x00007FF6D74CEAA9]
	BaseThreadInitThunk [0x00007FFD696D259D+29]
	RtlUserThreadStart [0x00007FFD6B42AF38+40]

2025-03-31 12:52:25,085 - ERROR - Error processing keyword Nutrition Tips: Message: 
Stacktrace:
	GetHandleVerifier [0x00007FF6D7874C25+3179557]
	(No symbol) [0x00007FF6D74D88A0]
	(No symbol) [0x00007FF6D73691CA]
	(No symbol) [0x00007FF6D73BFA67]
	(No symbol) [0x00007FF6D73BFC9C]
	(No symbol) [0x00007FF6D7413627]
	(No symbol) [0x00007FF6D73E7C6F]
	(No symbol) [0x00007FF6D74102F3]
	(No symbol) [0x00007FF6D73E7A03]
	(No symbol) [0x00007FF6D73B06D0]
	(No symbol) [0x00007FF6D73B1983]
	GetHandleVerifier [0x00007FF6D78D67CD+3579853]
	GetHandleVerifier [0x00007FF6D78ED1D2+3672530]
	GetHandleVerifier [0x00007FF6D78E2153+3627347]
	GetHandleVerifier [0x00007FF6D764092A+868650]
	(No symbol) [0x00007FF6D74E2FFF]
	(No symbol) [0x00007FF6D74DF4A4]
	(No symbol) [0x00007FF6D74DF646]
	(No symbol) [0x00007FF6D74CEAA9]
	BaseThreadInitThunk [0x00007FFD696D259D+29]
	RtlUserThreadStart [0x00007FFD6B42AF38+40]

2025-03-31 12:52:35,217 - ERROR - Failed to search for keyword Weight Loss Tips: Message: 
Stacktrace:
	GetHandleVerifier [0x00007FF6D7874C25+3179557]
	(No symbol) [0x00007FF6D74D88A0]
	(No symbol) [0x00007FF6D73691CA]
	(No symbol) [0x00007FF6D73BFA67]
	(No symbol) [0x00007FF6D73BFC9C]
	(No symbol) [0x00007FF6D7413627]
	(No symbol) [0x00007FF6D73E7C6F]
	(No symbol) [0x00007FF6D74102F3]
	(No symbol) [0x00007FF6D73E7A03]
	(No symbol) [0x00007FF6D73B06D0]
	(No symbol) [0x00007FF6D73B1983]
	GetHandleVerifier [0x00007FF6D78D67CD+3579853]
	GetHandleVerifier [0x00007FF6D78ED1D2+3672530]
	GetHandleVerifier [0x00007FF6D78E2153+3627347]
	GetHandleVerifier [0x00007FF6D764092A+868650]
	(No symbol) [0x00007FF6D74E2FFF]
	(No symbol) [0x00007FF6D74DF4A4]
	(No symbol) [0x00007FF6D74DF646]
	(No symbol) [0x00007FF6D74CEAA9]
	BaseThreadInitThunk [0x00007FFD696D259D+29]
	RtlUserThreadStart [0x00007FFD6B42AF38+40]

2025-03-31 12:52:35,220 - ERROR - Error processing keyword Weight Loss Tips: Message: 
Stacktrace:
	GetHandleVerifier [0x00007FF6D7874C25+3179557]
	(No symbol) [0x00007FF6D74D88A0]
	(No symbol) [0x00007FF6D73691CA]
	(No symbol) [0x00007FF6D73BFA67]
	(No symbol) [0x00007FF6D73BFC9C]
	(No symbol) [0x00007FF6D7413627]
	(No symbol) [0x00007FF6D73E7C6F]
	(No symbol) [0x00007FF6D74102F3]
	(No symbol) [0x00007FF6D73E7A03]
	(No symbol) [0x00007FF6D73B06D0]
	(No symbol) [0x00007FF6D73B1983]
	GetHandleVerifier [0x00007FF6D78D67CD+3579853]
	GetHandleVerifier [0x00007FF6D78ED1D2+3672530]
	GetHandleVerifier [0x00007FF6D78E2153+3627347]
	GetHandleVerifier [0x00007FF6D764092A+868650]
	(No symbol) [0x00007FF6D74E2FFF]
	(No symbol) [0x00007FF6D74DF4A4]
	(No symbol) [0x00007FF6D74DF646]
	(No symbol) [0x00007FF6D74CEAA9]
	BaseThreadInitThunk [0x00007FFD696D259D+29]
	RtlUserThreadStart [0x00007FFD6B42AF38+40]

2025-03-31 12:52:45,352 - ERROR - Failed to search for keyword healthy recipes: Message: 
Stacktrace:
	GetHandleVerifier [0x00007FF6D7874C25+3179557]
	(No symbol) [0x00007FF6D74D88A0]
	(No symbol) [0x00007FF6D73691CA]
	(No symbol) [0x00007FF6D73BFA67]
	(No symbol) [0x00007FF6D73BFC9C]
	(No symbol) [0x00007FF6D7413627]
	(No symbol) [0x00007FF6D73E7C6F]
	(No symbol) [0x00007FF6D74102F3]
	(No symbol) [0x00007FF6D73E7A03]
	(No symbol) [0x00007FF6D73B06D0]
	(No symbol) [0x00007FF6D73B1983]
	GetHandleVerifier [0x00007FF6D78D67CD+3579853]
	GetHandleVerifier [0x00007FF6D78ED1D2+3672530]
	GetHandleVerifier [0x00007FF6D78E2153+3627347]
	GetHandleVerifier [0x00007FF6D764092A+868650]
	(No symbol) [0x00007FF6D74E2FFF]
	(No symbol) [0x00007FF6D74DF4A4]
	(No symbol) [0x00007FF6D74DF646]
	(No symbol) [0x00007FF6D74CEAA9]
	BaseThreadInitThunk [0x00007FFD696D259D+29]
	RtlUserThreadStart [0x00007FFD6B42AF38+40]

2025-03-31 12:52:45,354 - ERROR - Error processing keyword healthy recipes: Message: 
Stacktrace:
	GetHandleVerifier [0x00007FF6D7874C25+3179557]
	(No symbol) [0x00007FF6D74D88A0]
	(No symbol) [0x00007FF6D73691CA]
	(No symbol) [0x00007FF6D73BFA67]
	(No symbol) [0x00007FF6D73BFC9C]
	(No symbol) [0x00007FF6D7413627]
	(No symbol) [0x00007FF6D73E7C6F]
	(No symbol) [0x00007FF6D74102F3]
	(No symbol) [0x00007FF6D73E7A03]
	(No symbol) [0x00007FF6D73B06D0]
	(No symbol) [0x00007FF6D73B1983]
	GetHandleVerifier [0x00007FF6D78D67CD+3579853]
	GetHandleVerifier [0x00007FF6D78ED1D2+3672530]
	GetHandleVerifier [0x00007FF6D78E2153+3627347]
	GetHandleVerifier [0x00007FF6D764092A+868650]
	(No symbol) [0x00007FF6D74E2FFF]
	(No symbol) [0x00007FF6D74DF4A4]
	(No symbol) [0x00007FF6D74DF646]
	(No symbol) [0x00007FF6D74CEAA9]
	BaseThreadInitThunk [0x00007FFD696D259D+29]
	RtlUserThreadStart [0x00007FFD6B42AF38+40]

2025-03-31 12:52:55,485 - ERROR - Failed to search for keyword Easy meal prep: Message: 
Stacktrace:
	GetHandleVerifier [0x00007FF6D7874C25+3179557]
	(No symbol) [0x00007FF6D74D88A0]
	(No symbol) [0x00007FF6D73691CA]
	(No symbol) [0x00007FF6D73BFA67]
	(No symbol) [0x00007FF6D73BFC9C]
	(No symbol) [0x00007FF6D7413627]
	(No symbol) [0x00007FF6D73E7C6F]
	(No symbol) [0x00007FF6D74102F3]
	(No symbol) [0x00007FF6D73E7A03]
	(No symbol) [0x00007FF6D73B06D0]
	(No symbol) [0x00007FF6D73B1983]
	GetHandleVerifier [0x00007FF6D78D67CD+3579853]
	GetHandleVerifier [0x00007FF6D78ED1D2+3672530]
	GetHandleVerifier [0x00007FF6D78E2153+3627347]
	GetHandleVerifier [0x00007FF6D764092A+868650]
	(No symbol) [0x00007FF6D74E2FFF]
	(No symbol) [0x00007FF6D74DF4A4]
	(No symbol) [0x00007FF6D74DF646]
	(No symbol) [0x00007FF6D74CEAA9]
	BaseThreadInitThunk [0x00007FFD696D259D+29]
	RtlUserThreadStart [0x00007FFD6B42AF38+40]

2025-03-31 12:52:55,488 - ERROR - Error processing keyword Easy meal prep: Message: 
Stacktrace:
	GetHandleVerifier [0x00007FF6D7874C25+3179557]
	(No symbol) [0x00007FF6D74D88A0]
	(No symbol) [0x00007FF6D73691CA]
	(No symbol) [0x00007FF6D73BFA67]
	(No symbol) [0x00007FF6D73BFC9C]
	(No symbol) [0x00007FF6D7413627]
	(No symbol) [0x00007FF6D73E7C6F]
	(No symbol) [0x00007FF6D74102F3]
	(No symbol) [0x00007FF6D73E7A03]
	(No symbol) [0x00007FF6D73B06D0]
	(No symbol) [0x00007FF6D73B1983]
	GetHandleVerifier [0x00007FF6D78D67CD+3579853]
	GetHandleVerifier [0x00007FF6D78ED1D2+3672530]
	GetHandleVerifier [0x00007FF6D78E2153+3627347]
	GetHandleVerifier [0x00007FF6D764092A+868650]
	(No symbol) [0x00007FF6D74E2FFF]
	(No symbol) [0x00007FF6D74DF4A4]
	(No symbol) [0x00007FF6D74DF646]
	(No symbol) [0x00007FF6D74CEAA9]
	BaseThreadInitThunk [0x00007FFD696D259D+29]
	RtlUserThreadStart [0x00007FFD6B42AF38+40]

2025-03-31 12:53:05,622 - ERROR - Failed to search for keyword High protein meals: Message: 
Stacktrace:
	GetHandleVerifier [0x00007FF6D7874C25+3179557]
	(No symbol) [0x00007FF6D74D88A0]
	(No symbol) [0x00007FF6D73691CA]
	(No symbol) [0x00007FF6D73BFA67]
	(No symbol) [0x00007FF6D73BFC9C]
	(No symbol) [0x00007FF6D7413627]
	(No symbol) [0x00007FF6D73E7C6F]
	(No symbol) [0x00007FF6D74102F3]
	(No symbol) [0x00007FF6D73E7A03]
	(No symbol) [0x00007FF6D73B06D0]
	(No symbol) [0x00007FF6D73B1983]
	GetHandleVerifier [0x00007FF6D78D67CD+3579853]
	GetHandleVerifier [0x00007FF6D78ED1D2+3672530]
	GetHandleVerifier [0x00007FF6D78E2153+3627347]
	GetHandleVerifier [0x00007FF6D764092A+868650]
	(No symbol) [0x00007FF6D74E2FFF]
	(No symbol) [0x00007FF6D74DF4A4]
	(No symbol) [0x00007FF6D74DF646]
	(No symbol) [0x00007FF6D74CEAA9]
	BaseThreadInitThunk [0x00007FFD696D259D+29]
	RtlUserThreadStart [0x00007FFD6B42AF38+40]

2025-03-31 12:53:05,624 - ERROR - Error processing keyword High protein meals: Message: 
Stacktrace:
	GetHandleVerifier [0x00007FF6D7874C25+3179557]
	(No symbol) [0x00007FF6D74D88A0]
	(No symbol) [0x00007FF6D73691CA]
	(No symbol) [0x00007FF6D73BFA67]
	(No symbol) [0x00007FF6D73BFC9C]
	(No symbol) [0x00007FF6D7413627]
	(No symbol) [0x00007FF6D73E7C6F]
	(No symbol) [0x00007FF6D74102F3]
	(No symbol) [0x00007FF6D73E7A03]
	(No symbol) [0x00007FF6D73B06D0]
	(No symbol) [0x00007FF6D73B1983]
	GetHandleVerifier [0x00007FF6D78D67CD+3579853]
	GetHandleVerifier [0x00007FF6D78ED1D2+3672530]
	GetHandleVerifier [0x00007FF6D78E2153+3627347]
	GetHandleVerifier [0x00007FF6D764092A+868650]
	(No symbol) [0x00007FF6D74E2FFF]
	(No symbol) [0x00007FF6D74DF4A4]
	(No symbol) [0x00007FF6D74DF646]
	(No symbol) [0x00007FF6D74CEAA9]
	BaseThreadInitThunk [0x00007FFD696D259D+29]
	RtlUserThreadStart [0x00007FFD6B42AF38+40]

2025-03-31 12:53:15,752 - ERROR - Failed to search for keyword Macros explained: Message: 
Stacktrace:
	GetHandleVerifier [0x00007FF6D7874C25+3179557]
	(No symbol) [0x00007FF6D74D88A0]
	(No symbol) [0x00007FF6D73691CA]
	(No symbol) [0x00007FF6D73BFA67]
	(No symbol) [0x00007FF6D73BFC9C]
	(No symbol) [0x00007FF6D7413627]
	(No symbol) [0x00007FF6D73E7C6F]
	(No symbol) [0x00007FF6D74102F3]
	(No symbol) [0x00007FF6D73E7A03]
	(No symbol) [0x00007FF6D73B06D0]
	(No symbol) [0x00007FF6D73B1983]
	GetHandleVerifier [0x00007FF6D78D67CD+3579853]
	GetHandleVerifier [0x00007FF6D78ED1D2+3672530]
	GetHandleVerifier [0x00007FF6D78E2153+3627347]
	GetHandleVerifier [0x00007FF6D764092A+868650]
	(No symbol) [0x00007FF6D74E2FFF]
	(No symbol) [0x00007FF6D74DF4A4]
	(No symbol) [0x00007FF6D74DF646]
	(No symbol) [0x00007FF6D74CEAA9]
	BaseThreadInitThunk [0x00007FFD696D259D+29]
	RtlUserThreadStart [0x00007FFD6B42AF38+40]

2025-03-31 12:53:15,757 - ERROR - Error processing keyword Macros explained: Message: 
Stacktrace:
	GetHandleVerifier [0x00007FF6D7874C25+3179557]
	(No symbol) [0x00007FF6D74D88A0]
	(No symbol) [0x00007FF6D73691CA]
	(No symbol) [0x00007FF6D73BFA67]
	(No symbol) [0x00007FF6D73BFC9C]
	(No symbol) [0x00007FF6D7413627]
	(No symbol) [0x00007FF6D73E7C6F]
	(No symbol) [0x00007FF6D74102F3]
	(No symbol) [0x00007FF6D73E7A03]
	(No symbol) [0x00007FF6D73B06D0]
	(No symbol) [0x00007FF6D73B1983]
	GetHandleVerifier [0x00007FF6D78D67CD+3579853]
	GetHandleVerifier [0x00007FF6D78ED1D2+3672530]
	GetHandleVerifier [0x00007FF6D78E2153+3627347]
	GetHandleVerifier [0x00007FF6D764092A+868650]
	(No symbol) [0x00007FF6D74E2FFF]
	(No symbol) [0x00007FF6D74DF4A4]
	(No symbol) [0x00007FF6D74DF646]
	(No symbol) [0x00007FF6D74CEAA9]
	BaseThreadInitThunk [0x00007FFD696D259D+29]
	RtlUserThreadStart [0x00007FFD6B42AF38+40]

2025-03-31 12:53:25,889 - ERROR - Failed to search for keyword Calorie deficit: Message: 
Stacktrace:
	GetHandleVerifier [0x00007FF6D7874C25+3179557]
	(No symbol) [0x00007FF6D74D88A0]
	(No symbol) [0x00007FF6D73691CA]
	(No symbol) [0x00007FF6D73BFA67]
	(No symbol) [0x00007FF6D73BFC9C]
	(No symbol) [0x00007FF6D7413627]
	(No symbol) [0x00007FF6D73E7C6F]
	(No symbol) [0x00007FF6D74102F3]
	(No symbol) [0x00007FF6D73E7A03]
	(No symbol) [0x00007FF6D73B06D0]
	(No symbol) [0x00007FF6D73B1983]
	GetHandleVerifier [0x00007FF6D78D67CD+3579853]
	GetHandleVerifier [0x00007FF6D78ED1D2+3672530]
	GetHandleVerifier [0x00007FF6D78E2153+3627347]
	GetHandleVerifier [0x00007FF6D764092A+868650]
	(No symbol) [0x00007FF6D74E2FFF]
	(No symbol) [0x00007FF6D74DF4A4]
	(No symbol) [0x00007FF6D74DF646]
	(No symbol) [0x00007FF6D74CEAA9]
	BaseThreadInitThunk [0x00007FFD696D259D+29]
	RtlUserThreadStart [0x00007FFD6B42AF38+40]

2025-03-31 12:53:25,891 - ERROR - Error processing keyword Calorie deficit: Message: 
Stacktrace:
	GetHandleVerifier [0x00007FF6D7874C25+3179557]
	(No symbol) [0x00007FF6D74D88A0]
	(No symbol) [0x00007FF6D73691CA]
	(No symbol) [0x00007FF6D73BFA67]
	(No symbol) [0x00007FF6D73BFC9C]
	(No symbol) [0x00007FF6D7413627]
	(No symbol) [0x00007FF6D73E7C6F]
	(No symbol) [0x00007FF6D74102F3]
	(No symbol) [0x00007FF6D73E7A03]
	(No symbol) [0x00007FF6D73B06D0]
	(No symbol) [0x00007FF6D73B1983]
	GetHandleVerifier [0x00007FF6D78D67CD+3579853]
	GetHandleVerifier [0x00007FF6D78ED1D2+3672530]
	GetHandleVerifier [0x00007FF6D78E2153+3627347]
	GetHandleVerifier [0x00007FF6D764092A+868650]
	(No symbol) [0x00007FF6D74E2FFF]
	(No symbol) [0x00007FF6D74DF4A4]
	(No symbol) [0x00007FF6D74DF646]
	(No symbol) [0x00007FF6D74CEAA9]
	BaseThreadInitThunk [0x00007FFD696D259D+29]
	RtlUserThreadStart [0x00007FFD6B42AF38+40]

2025-03-31 12:53:36,021 - ERROR - Failed to search for keyword Nutrition myths: Message: 
Stacktrace:
	GetHandleVerifier [0x00007FF6D7874C25+3179557]
	(No symbol) [0x00007FF6D74D88A0]
	(No symbol) [0x00007FF6D73691CA]
	(No symbol) [0x00007FF6D73BFA67]
	(No symbol) [0x00007FF6D73BFC9C]
	(No symbol) [0x00007FF6D7413627]
	(No symbol) [0x00007FF6D73E7C6F]
	(No symbol) [0x00007FF6D74102F3]
	(No symbol) [0x00007FF6D73E7A03]
	(No symbol) [0x00007FF6D73B06D0]
	(No symbol) [0x00007FF6D73B1983]
	GetHandleVerifier [0x00007FF6D78D67CD+3579853]
	GetHandleVerifier [0x00007FF6D78ED1D2+3672530]
	GetHandleVerifier [0x00007FF6D78E2153+3627347]
	GetHandleVerifier [0x00007FF6D764092A+868650]
	(No symbol) [0x00007FF6D74E2FFF]
	(No symbol) [0x00007FF6D74DF4A4]
	(No symbol) [0x00007FF6D74DF646]
	(No symbol) [0x00007FF6D74CEAA9]
	BaseThreadInitThunk [0x00007FFD696D259D+29]
	RtlUserThreadStart [0x00007FFD6B42AF38+40]

2025-03-31 12:53:36,024 - ERROR - Error processing keyword Nutrition myths: Message: 
Stacktrace:
	GetHandleVerifier [0x00007FF6D7874C25+3179557]
	(No symbol) [0x00007FF6D74D88A0]
	(No symbol) [0x00007FF6D73691CA]
	(No symbol) [0x00007FF6D73BFA67]
	(No symbol) [0x00007FF6D73BFC9C]
	(No symbol) [0x00007FF6D7413627]
	(No symbol) [0x00007FF6D73E7C6F]
	(No symbol) [0x00007FF6D74102F3]
	(No symbol) [0x00007FF6D73E7A03]
	(No symbol) [0x00007FF6D73B06D0]
	(No symbol) [0x00007FF6D73B1983]
	GetHandleVerifier [0x00007FF6D78D67CD+3579853]
	GetHandleVerifier [0x00007FF6D78ED1D2+3672530]
	GetHandleVerifier [0x00007FF6D78E2153+3627347]
	GetHandleVerifier [0x00007FF6D764092A+868650]
	(No symbol) [0x00007FF6D74E2FFF]
	(No symbol) [0x00007FF6D74DF4A4]
	(No symbol) [0x00007FF6D74DF646]
	(No symbol) [0x00007FF6D74CEAA9]
	BaseThreadInitThunk [0x00007FFD696D259D+29]
	RtlUserThreadStart [0x00007FFD6B42AF38+40]

2025-03-31 12:53:46,156 - ERROR - Failed to search for keyword weight loss foods: Message: 
Stacktrace:
	GetHandleVerifier [0x00007FF6D7874C25+3179557]
	(No symbol) [0x00007FF6D74D88A0]
	(No symbol) [0x00007FF6D73691CA]
	(No symbol) [0x00007FF6D73BFA67]
	(No symbol) [0x00007FF6D73BFC9C]
	(No symbol) [0x00007FF6D7413627]
	(No symbol) [0x00007FF6D73E7C6F]
	(No symbol) [0x00007FF6D74102F3]
	(No symbol) [0x00007FF6D73E7A03]
	(No symbol) [0x00007FF6D73B06D0]
	(No symbol) [0x00007FF6D73B1983]
	GetHandleVerifier [0x00007FF6D78D67CD+3579853]
	GetHandleVerifier [0x00007FF6D78ED1D2+3672530]
	GetHandleVerifier [0x00007FF6D78E2153+3627347]
	GetHandleVerifier [0x00007FF6D764092A+868650]
	(No symbol) [0x00007FF6D74E2FFF]
	(No symbol) [0x00007FF6D74DF4A4]
	(No symbol) [0x00007FF6D74DF646]
	(No symbol) [0x00007FF6D74CEAA9]
	BaseThreadInitThunk [0x00007FFD696D259D+29]
	RtlUserThreadStart [0x00007FFD6B42AF38+40]

2025-03-31 12:53:46,158 - ERROR - Error processing keyword weight loss foods: Message: 
Stacktrace:
	GetHandleVerifier [0x00007FF6D7874C25+3179557]
	(No symbol) [0x00007FF6D74D88A0]
	(No symbol) [0x00007FF6D73691CA]
	(No symbol) [0x00007FF6D73BFA67]
	(No symbol) [0x00007FF6D73BFC9C]
	(No symbol) [0x00007FF6D7413627]
	(No symbol) [0x00007FF6D73E7C6F]
	(No symbol) [0x00007FF6D74102F3]
	(No symbol) [0x00007FF6D73E7A03]
	(No symbol) [0x00007FF6D73B06D0]
	(No symbol) [0x00007FF6D73B1983]
	GetHandleVerifier [0x00007FF6D78D67CD+3579853]
	GetHandleVerifier [0x00007FF6D78ED1D2+3672530]
	GetHandleVerifier [0x00007FF6D78E2153+3627347]
	GetHandleVerifier [0x00007FF6D764092A+868650]
	(No symbol) [0x00007FF6D74E2FFF]
	(No symbol) [0x00007FF6D74DF4A4]
	(No symbol) [0x00007FF6D74DF646]
	(No symbol) [0x00007FF6D74CEAA9]
	BaseThreadInitThunk [0x00007FFD696D259D+29]
	RtlUserThreadStart [0x00007FFD6B42AF38+40]

2025-03-31 12:53:56,306 - ERROR - Failed to search for keyword quick healthy snacks: Message: 
Stacktrace:
	GetHandleVerifier [0x00007FF6D7874C25+3179557]
	(No symbol) [0x00007FF6D74D88A0]
	(No symbol) [0x00007FF6D73691CA]
	(No symbol) [0x00007FF6D73BFA67]
	(No symbol) [0x00007FF6D73BFC9C]
	(No symbol) [0x00007FF6D7413627]
	(No symbol) [0x00007FF6D73E7C6F]
	(No symbol) [0x00007FF6D74102F3]
	(No symbol) [0x00007FF6D73E7A03]
	(No symbol) [0x00007FF6D73B06D0]
	(No symbol) [0x00007FF6D73B1983]
	GetHandleVerifier [0x00007FF6D78D67CD+3579853]
	GetHandleVerifier [0x00007FF6D78ED1D2+3672530]
	GetHandleVerifier [0x00007FF6D78E2153+3627347]
	GetHandleVerifier [0x00007FF6D764092A+868650]
	(No symbol) [0x00007FF6D74E2FFF]
	(No symbol) [0x00007FF6D74DF4A4]
	(No symbol) [0x00007FF6D74DF646]
	(No symbol) [0x00007FF6D74CEAA9]
	BaseThreadInitThunk [0x00007FFD696D259D+29]
	RtlUserThreadStart [0x00007FFD6B42AF38+40]

2025-03-31 12:53:56,309 - ERROR - Error processing keyword quick healthy snacks: Message: 
Stacktrace:
	GetHandleVerifier [0x00007FF6D7874C25+3179557]
	(No symbol) [0x00007FF6D74D88A0]
	(No symbol) [0x00007FF6D73691CA]
	(No symbol) [0x00007FF6D73BFA67]
	(No symbol) [0x00007FF6D73BFC9C]
	(No symbol) [0x00007FF6D7413627]
	(No symbol) [0x00007FF6D73E7C6F]
	(No symbol) [0x00007FF6D74102F3]
	(No symbol) [0x00007FF6D73E7A03]
	(No symbol) [0x00007FF6D73B06D0]
	(No symbol) [0x00007FF6D73B1983]
	GetHandleVerifier [0x00007FF6D78D67CD+3579853]
	GetHandleVerifier [0x00007FF6D78ED1D2+3672530]
	GetHandleVerifier [0x00007FF6D78E2153+3627347]
	GetHandleVerifier [0x00007FF6D764092A+868650]
	(No symbol) [0x00007FF6D74E2FFF]
	(No symbol) [0x00007FF6D74DF4A4]
	(No symbol) [0x00007FF6D74DF646]
	(No symbol) [0x00007FF6D74CEAA9]
	BaseThreadInitThunk [0x00007FFD696D259D+29]
	RtlUserThreadStart [0x00007FFD6B42AF38+40]

2025-03-31 12:53:56,310 - INFO - Total videos collected: 0
2025-03-31 13:10:35,927 - INFO - WebDriver initialized successfully
2025-03-31 13:10:45,555 - INFO - Successfully logged in to Instagram
2025-03-31 13:10:55,692 - ERROR - Failed to search for keyword Nutrition Tips: Message: 
Stacktrace:
	GetHandleVerifier [0x00007FF6D9F14C25+3179557]
	(No symbol) [0x00007FF6D9B788A0]
	(No symbol) [0x00007FF6D9A091CA]
	(No symbol) [0x00007FF6D9A5FA67]
	(No symbol) [0x00007FF6D9A5FC9C]
	(No symbol) [0x00007FF6D9AB3627]
	(No symbol) [0x00007FF6D9A87C6F]
	(No symbol) [0x00007FF6D9AB02F3]
	(No symbol) [0x00007FF6D9A87A03]
	(No symbol) [0x00007FF6D9A506D0]
	(No symbol) [0x00007FF6D9A51983]
	GetHandleVerifier [0x00007FF6D9F767CD+3579853]
	GetHandleVerifier [0x00007FF6D9F8D1D2+3672530]
	GetHandleVerifier [0x00007FF6D9F82153+3627347]
	GetHandleVerifier [0x00007FF6D9CE092A+868650]
	(No symbol) [0x00007FF6D9B82FFF]
	(No symbol) [0x00007FF6D9B7F4A4]
	(No symbol) [0x00007FF6D9B7F646]
	(No symbol) [0x00007FF6D9B6EAA9]
	BaseThreadInitThunk [0x00007FFD696D259D+29]
	RtlUserThreadStart [0x00007FFD6B42AF38+40]

2025-03-31 13:10:55,694 - ERROR - Error processing keyword Nutrition Tips: Message: 
Stacktrace:
	GetHandleVerifier [0x00007FF6D9F14C25+3179557]
	(No symbol) [0x00007FF6D9B788A0]
	(No symbol) [0x00007FF6D9A091CA]
	(No symbol) [0x00007FF6D9A5FA67]
	(No symbol) [0x00007FF6D9A5FC9C]
	(No symbol) [0x00007FF6D9AB3627]
	(No symbol) [0x00007FF6D9A87C6F]
	(No symbol) [0x00007FF6D9AB02F3]
	(No symbol) [0x00007FF6D9A87A03]
	(No symbol) [0x00007FF6D9A506D0]
	(No symbol) [0x00007FF6D9A51983]
	GetHandleVerifier [0x00007FF6D9F767CD+3579853]
	GetHandleVerifier [0x00007FF6D9F8D1D2+3672530]
	GetHandleVerifier [0x00007FF6D9F82153+3627347]
	GetHandleVerifier [0x00007FF6D9CE092A+868650]
	(No symbol) [0x00007FF6D9B82FFF]
	(No symbol) [0x00007FF6D9B7F4A4]
	(No symbol) [0x00007FF6D9B7F646]
	(No symbol) [0x00007FF6D9B6EAA9]
	BaseThreadInitThunk [0x00007FFD696D259D+29]
	RtlUserThreadStart [0x00007FFD6B42AF38+40]

2025-03-31 13:11:00,540 - WARNING - Retrying (Retry(total=2, connect=None, read=None, redirect=None, status=None)) after connection broken by 'ConnectionResetError(10054, 'An existing connection was forcibly closed by the remote host', None, 10054, None)': /session/b378651b4a83d5a3e04856cf658e614e
2025-03-31 13:12:28,158 - INFO - WebDriver initialized successfully
2025-03-31 13:12:37,787 - INFO - Successfully logged in to Instagram
2025-03-31 13:12:37,789 - ERROR - Failed to search for keyword Nutrition Tips: Message: invalid session id: session deleted as the browser has closed the connection
from disconnected: not connected to DevTools
  (Session info: chrome=134.0.6998.178)
Stacktrace:
	GetHandleVerifier [0x00007FF6D9F14C25+3179557]
	(No symbol) [0x00007FF6D9B788A0]
	(No symbol) [0x00007FF6D9A091CA]
	(No symbol) [0x00007FF6D99F4F85]
	(No symbol) [0x00007FF6D9A19F94]
	(No symbol) [0x00007FF6D9A8F9DF]
	(No symbol) [0x00007FF6D9AAFBE2]
	(No symbol) [0x00007FF6D9A87A03]
	(No symbol) [0x00007FF6D9A506D0]
	(No symbol) [0x00007FF6D9A51983]
	GetHandleVerifier [0x00007FF6D9F767CD+3579853]
	GetHandleVerifier [0x00007FF6D9F8D1D2+3672530]
	GetHandleVerifier [0x00007FF6D9F82153+3627347]
	GetHandleVerifier [0x00007FF6D9CE092A+868650]
	(No symbol) [0x00007FF6D9B82FFF]
	(No symbol) [0x00007FF6D9B7F4A4]
	(No symbol) [0x00007FF6D9B7F646]
	(No symbol) [0x00007FF6D9B6EAA9]
	BaseThreadInitThunk [0x00007FFD696D259D+29]
	RtlUserThreadStart [0x00007FFD6B42AF38+40]

2025-03-31 13:12:37,792 - ERROR - Error processing keyword Nutrition Tips: Message: invalid session id: session deleted as the browser has closed the connection
from disconnected: not connected to DevTools
  (Session info: chrome=134.0.6998.178)
Stacktrace:
	GetHandleVerifier [0x00007FF6D9F14C25+3179557]
	(No symbol) [0x00007FF6D9B788A0]
	(No symbol) [0x00007FF6D9A091CA]
	(No symbol) [0x00007FF6D99F4F85]
	(No symbol) [0x00007FF6D9A19F94]
	(No symbol) [0x00007FF6D9A8F9DF]
	(No symbol) [0x00007FF6D9AAFBE2]
	(No symbol) [0x00007FF6D9A87A03]
	(No symbol) [0x00007FF6D9A506D0]
	(No symbol) [0x00007FF6D9A51983]
	GetHandleVerifier [0x00007FF6D9F767CD+3579853]
	GetHandleVerifier [0x00007FF6D9F8D1D2+3672530]
	GetHandleVerifier [0x00007FF6D9F82153+3627347]
	GetHandleVerifier [0x00007FF6D9CE092A+868650]
	(No symbol) [0x00007FF6D9B82FFF]
	(No symbol) [0x00007FF6D9B7F4A4]
	(No symbol) [0x00007FF6D9B7F646]
	(No symbol) [0x00007FF6D9B6EAA9]
	BaseThreadInitThunk [0x00007FFD696D259D+29]
	RtlUserThreadStart [0x00007FFD6B42AF38+40]

2025-03-31 13:12:37,846 - ERROR - Failed to search for keyword Weight Loss Tips: Message: invalid session id
Stacktrace:
	GetHandleVerifier [0x00007FF6D9F14C25+3179557]
	(No symbol) [0x00007FF6D9B788A0]
	(No symbol) [0x00007FF6D9A08FFC]
	(No symbol) [0x00007FF6D9A4F8DF]
	(No symbol) [0x00007FF6D9A87AF2]
	(No symbol) [0x00007FF6D9A8244E]
	(No symbol) [0x00007FF6D9A814F9]
	(No symbol) [0x00007FF6D99D55E5]
	GetHandleVerifier [0x00007FF6D9F767CD+3579853]
	GetHandleVerifier [0x00007FF6D9F8D1D2+3672530]
	GetHandleVerifier [0x00007FF6D9F82153+3627347]
	GetHandleVerifier [0x00007FF6D9CE092A+868650]
	(No symbol) [0x00007FF6D9B82FFF]
	(No symbol) [0x00007FF6D99D41FF]
	GetHandleVerifier [0x00007FF6D9FFFA28+4141608]
	BaseThreadInitThunk [0x00007FFD696D259D+29]
	RtlUserThreadStart [0x00007FFD6B42AF38+40]

2025-03-31 13:12:37,848 - ERROR - Error processing keyword Weight Loss Tips: Message: invalid session id
Stacktrace:
	GetHandleVerifier [0x00007FF6D9F14C25+3179557]
	(No symbol) [0x00007FF6D9B788A0]
	(No symbol) [0x00007FF6D9A08FFC]
	(No symbol) [0x00007FF6D9A4F8DF]
	(No symbol) [0x00007FF6D9A87AF2]
	(No symbol) [0x00007FF6D9A8244E]
	(No symbol) [0x00007FF6D9A814F9]
	(No symbol) [0x00007FF6D99D55E5]
	GetHandleVerifier [0x00007FF6D9F767CD+3579853]
	GetHandleVerifier [0x00007FF6D9F8D1D2+3672530]
	GetHandleVerifier [0x00007FF6D9F82153+3627347]
	GetHandleVerifier [0x00007FF6D9CE092A+868650]
	(No symbol) [0x00007FF6D9B82FFF]
	(No symbol) [0x00007FF6D99D41FF]
	GetHandleVerifier [0x00007FF6D9FFFA28+4141608]
	BaseThreadInitThunk [0x00007FFD696D259D+29]
	RtlUserThreadStart [0x00007FFD6B42AF38+40]

2025-03-31 13:12:37,850 - ERROR - Failed to search for keyword healthy recipes: Message: invalid session id
Stacktrace:
	GetHandleVerifier [0x00007FF6D9F14C25+3179557]
	(No symbol) [0x00007FF6D9B788A0]
	(No symbol) [0x00007FF6D9A08FFC]
	(No symbol) [0x00007FF6D9A4F8DF]
	(No symbol) [0x00007FF6D9A87AF2]
	(No symbol) [0x00007FF6D9A8244E]
	(No symbol) [0x00007FF6D9A814F9]
	(No symbol) [0x00007FF6D99D55E5]
	GetHandleVerifier [0x00007FF6D9F767CD+3579853]
	GetHandleVerifier [0x00007FF6D9F8D1D2+3672530]
	GetHandleVerifier [0x00007FF6D9F82153+3627347]
	GetHandleVerifier [0x00007FF6D9CE092A+868650]
	(No symbol) [0x00007FF6D9B82FFF]
	(No symbol) [0x00007FF6D99D41FF]
	GetHandleVerifier [0x00007FF6D9FFFA28+4141608]
	BaseThreadInitThunk [0x00007FFD696D259D+29]
	RtlUserThreadStart [0x00007FFD6B42AF38+40]

2025-03-31 13:12:37,853 - ERROR - Error processing keyword healthy recipes: Message: invalid session id
Stacktrace:
	GetHandleVerifier [0x00007FF6D9F14C25+3179557]
	(No symbol) [0x00007FF6D9B788A0]
	(No symbol) [0x00007FF6D9A08FFC]
	(No symbol) [0x00007FF6D9A4F8DF]
	(No symbol) [0x00007FF6D9A87AF2]
	(No symbol) [0x00007FF6D9A8244E]
	(No symbol) [0x00007FF6D9A814F9]
	(No symbol) [0x00007FF6D99D55E5]
	GetHandleVerifier [0x00007FF6D9F767CD+3579853]
	GetHandleVerifier [0x00007FF6D9F8D1D2+3672530]
	GetHandleVerifier [0x00007FF6D9F82153+3627347]
	GetHandleVerifier [0x00007FF6D9CE092A+868650]
	(No symbol) [0x00007FF6D9B82FFF]
	(No symbol) [0x00007FF6D99D41FF]
	GetHandleVerifier [0x00007FF6D9FFFA28+4141608]
	BaseThreadInitThunk [0x00007FFD696D259D+29]
	RtlUserThreadStart [0x00007FFD6B42AF38+40]

2025-03-31 13:12:37,856 - ERROR - Failed to search for keyword Easy meal prep: Message: invalid session id
Stacktrace:
	GetHandleVerifier [0x00007FF6D9F14C25+3179557]
	(No symbol) [0x00007FF6D9B788A0]
	(No symbol) [0x00007FF6D9A08FFC]
	(No symbol) [0x00007FF6D9A4F8DF]
	(No symbol) [0x00007FF6D9A87AF2]
	(No symbol) [0x00007FF6D9A8244E]
	(No symbol) [0x00007FF6D9A814F9]
	(No symbol) [0x00007FF6D99D55E5]
	GetHandleVerifier [0x00007FF6D9F767CD+3579853]
	GetHandleVerifier [0x00007FF6D9F8D1D2+3672530]
	GetHandleVerifier [0x00007FF6D9F82153+3627347]
	GetHandleVerifier [0x00007FF6D9CE092A+868650]
	(No symbol) [0x00007FF6D9B82FFF]
	(No symbol) [0x00007FF6D99D41FF]
	GetHandleVerifier [0x00007FF6D9FFFA28+4141608]
	BaseThreadInitThunk [0x00007FFD696D259D+29]
	RtlUserThreadStart [0x00007FFD6B42AF38+40]

2025-03-31 13:12:37,859 - ERROR - Error processing keyword Easy meal prep: Message: invalid session id
Stacktrace:
	GetHandleVerifier [0x00007FF6D9F14C25+3179557]
	(No symbol) [0x00007FF6D9B788A0]
	(No symbol) [0x00007FF6D9A08FFC]
	(No symbol) [0x00007FF6D9A4F8DF]
	(No symbol) [0x00007FF6D9A87AF2]
	(No symbol) [0x00007FF6D9A8244E]
	(No symbol) [0x00007FF6D9A814F9]
	(No symbol) [0x00007FF6D99D55E5]
	GetHandleVerifier [0x00007FF6D9F767CD+3579853]
	GetHandleVerifier [0x00007FF6D9F8D1D2+3672530]
	GetHandleVerifier [0x00007FF6D9F82153+3627347]
	GetHandleVerifier [0x00007FF6D9CE092A+868650]
	(No symbol) [0x00007FF6D9B82FFF]
	(No symbol) [0x00007FF6D99D41FF]
	GetHandleVerifier [0x00007FF6D9FFFA28+4141608]
	BaseThreadInitThunk [0x00007FFD696D259D+29]
	RtlUserThreadStart [0x00007FFD6B42AF38+40]

2025-03-31 13:12:37,861 - ERROR - Failed to search for keyword High protein meals: Message: invalid session id
Stacktrace:
	GetHandleVerifier [0x00007FF6D9F14C25+3179557]
	(No symbol) [0x00007FF6D9B788A0]
	(No symbol) [0x00007FF6D9A08FFC]
	(No symbol) [0x00007FF6D9A4F8DF]
	(No symbol) [0x00007FF6D9A87AF2]
	(No symbol) [0x00007FF6D9A8244E]
	(No symbol) [0x00007FF6D9A814F9]
	(No symbol) [0x00007FF6D99D55E5]
	GetHandleVerifier [0x00007FF6D9F767CD+3579853]
	GetHandleVerifier [0x00007FF6D9F8D1D2+3672530]
	GetHandleVerifier [0x00007FF6D9F82153+3627347]
	GetHandleVerifier [0x00007FF6D9CE092A+868650]
	(No symbol) [0x00007FF6D9B82FFF]
	(No symbol) [0x00007FF6D99D41FF]
	GetHandleVerifier [0x00007FF6D9FFFA28+4141608]
	BaseThreadInitThunk [0x00007FFD696D259D+29]
	RtlUserThreadStart [0x00007FFD6B42AF38+40]

2025-03-31 13:12:37,864 - ERROR - Error processing keyword High protein meals: Message: invalid session id
Stacktrace:
	GetHandleVerifier [0x00007FF6D9F14C25+3179557]
	(No symbol) [0x00007FF6D9B788A0]
	(No symbol) [0x00007FF6D9A08FFC]
	(No symbol) [0x00007FF6D9A4F8DF]
	(No symbol) [0x00007FF6D9A87AF2]
	(No symbol) [0x00007FF6D9A8244E]
	(No symbol) [0x00007FF6D9A814F9]
	(No symbol) [0x00007FF6D99D55E5]
	GetHandleVerifier [0x00007FF6D9F767CD+3579853]
	GetHandleVerifier [0x00007FF6D9F8D1D2+3672530]
	GetHandleVerifier [0x00007FF6D9F82153+3627347]
	GetHandleVerifier [0x00007FF6D9CE092A+868650]
	(No symbol) [0x00007FF6D9B82FFF]
	(No symbol) [0x00007FF6D99D41FF]
	GetHandleVerifier [0x00007FF6D9FFFA28+4141608]
	BaseThreadInitThunk [0x00007FFD696D259D+29]
	RtlUserThreadStart [0x00007FFD6B42AF38+40]

2025-03-31 13:12:37,867 - ERROR - Failed to search for keyword Macros explained: Message: invalid session id
Stacktrace:
	GetHandleVerifier [0x00007FF6D9F14C25+3179557]
	(No symbol) [0x00007FF6D9B788A0]
	(No symbol) [0x00007FF6D9A08FFC]
	(No symbol) [0x00007FF6D9A4F8DF]
	(No symbol) [0x00007FF6D9A87AF2]
	(No symbol) [0x00007FF6D9A8244E]
	(No symbol) [0x00007FF6D9A814F9]
	(No symbol) [0x00007FF6D99D55E5]
	GetHandleVerifier [0x00007FF6D9F767CD+3579853]
	GetHandleVerifier [0x00007FF6D9F8D1D2+3672530]
	GetHandleVerifier [0x00007FF6D9F82153+3627347]
	GetHandleVerifier [0x00007FF6D9CE092A+868650]
	(No symbol) [0x00007FF6D9B82FFF]
	(No symbol) [0x00007FF6D99D41FF]
	GetHandleVerifier [0x00007FF6D9FFFA28+4141608]
	BaseThreadInitThunk [0x00007FFD696D259D+29]
	RtlUserThreadStart [0x00007FFD6B42AF38+40]

2025-03-31 13:12:37,868 - ERROR - Error processing keyword Macros explained: Message: invalid session id
Stacktrace:
	GetHandleVerifier [0x00007FF6D9F14C25+3179557]
	(No symbol) [0x00007FF6D9B788A0]
	(No symbol) [0x00007FF6D9A08FFC]
	(No symbol) [0x00007FF6D9A4F8DF]
	(No symbol) [0x00007FF6D9A87AF2]
	(No symbol) [0x00007FF6D9A8244E]
	(No symbol) [0x00007FF6D9A814F9]
	(No symbol) [0x00007FF6D99D55E5]
	GetHandleVerifier [0x00007FF6D9F767CD+3579853]
	GetHandleVerifier [0x00007FF6D9F8D1D2+3672530]
	GetHandleVerifier [0x00007FF6D9F82153+3627347]
	GetHandleVerifier [0x00007FF6D9CE092A+868650]
	(No symbol) [0x00007FF6D9B82FFF]
	(No symbol) [0x00007FF6D99D41FF]
	GetHandleVerifier [0x00007FF6D9FFFA28+4141608]
	BaseThreadInitThunk [0x00007FFD696D259D+29]
	RtlUserThreadStart [0x00007FFD6B42AF38+40]

2025-03-31 13:12:37,870 - ERROR - Failed to search for keyword Calorie deficit: Message: invalid session id
Stacktrace:
	GetHandleVerifier [0x00007FF6D9F14C25+3179557]
	(No symbol) [0x00007FF6D9B788A0]
	(No symbol) [0x00007FF6D9A08FFC]
	(No symbol) [0x00007FF6D9A4F8DF]
	(No symbol) [0x00007FF6D9A87AF2]
	(No symbol) [0x00007FF6D9A8244E]
	(No symbol) [0x00007FF6D9A814F9]
	(No symbol) [0x00007FF6D99D55E5]
	GetHandleVerifier [0x00007FF6D9F767CD+3579853]
	GetHandleVerifier [0x00007FF6D9F8D1D2+3672530]
	GetHandleVerifier [0x00007FF6D9F82153+3627347]
	GetHandleVerifier [0x00007FF6D9CE092A+868650]
	(No symbol) [0x00007FF6D9B82FFF]
	(No symbol) [0x00007FF6D99D41FF]
	GetHandleVerifier [0x00007FF6D9FFFA28+4141608]
	BaseThreadInitThunk [0x00007FFD696D259D+29]
	RtlUserThreadStart [0x00007FFD6B42AF38+40]

2025-03-31 13:12:37,873 - ERROR - Error processing keyword Calorie deficit: Message: invalid session id
Stacktrace:
	GetHandleVerifier [0x00007FF6D9F14C25+3179557]
	(No symbol) [0x00007FF6D9B788A0]
	(No symbol) [0x00007FF6D9A08FFC]
	(No symbol) [0x00007FF6D9A4F8DF]
	(No symbol) [0x00007FF6D9A87AF2]
	(No symbol) [0x00007FF6D9A8244E]
	(No symbol) [0x00007FF6D9A814F9]
	(No symbol) [0x00007FF6D99D55E5]
	GetHandleVerifier [0x00007FF6D9F767CD+3579853]
	GetHandleVerifier [0x00007FF6D9F8D1D2+3672530]
	GetHandleVerifier [0x00007FF6D9F82153+3627347]
	GetHandleVerifier [0x00007FF6D9CE092A+868650]
	(No symbol) [0x00007FF6D9B82FFF]
	(No symbol) [0x00007FF6D99D41FF]
	GetHandleVerifier [0x00007FF6D9FFFA28+4141608]
	BaseThreadInitThunk [0x00007FFD696D259D+29]
	RtlUserThreadStart [0x00007FFD6B42AF38+40]

2025-03-31 13:12:37,876 - ERROR - Failed to search for keyword Nutrition myths: Message: invalid session id
Stacktrace:
	GetHandleVerifier [0x00007FF6D9F14C25+3179557]
	(No symbol) [0x00007FF6D9B788A0]
	(No symbol) [0x00007FF6D9A08FFC]
	(No symbol) [0x00007FF6D9A4F8DF]
	(No symbol) [0x00007FF6D9A87AF2]
	(No symbol) [0x00007FF6D9A8244E]
	(No symbol) [0x00007FF6D9A814F9]
	(No symbol) [0x00007FF6D99D55E5]
	GetHandleVerifier [0x00007FF6D9F767CD+3579853]
	GetHandleVerifier [0x00007FF6D9F8D1D2+3672530]
	GetHandleVerifier [0x00007FF6D9F82153+3627347]
	GetHandleVerifier [0x00007FF6D9CE092A+868650]
	(No symbol) [0x00007FF6D9B82FFF]
	(No symbol) [0x00007FF6D99D41FF]
	GetHandleVerifier [0x00007FF6D9FFFA28+4141608]
	BaseThreadInitThunk [0x00007FFD696D259D+29]
	RtlUserThreadStart [0x00007FFD6B42AF38+40]

2025-03-31 13:12:37,878 - ERROR - Error processing keyword Nutrition myths: Message: invalid session id
Stacktrace:
	GetHandleVerifier [0x00007FF6D9F14C25+3179557]
	(No symbol) [0x00007FF6D9B788A0]
	(No symbol) [0x00007FF6D9A08FFC]
	(No symbol) [0x00007FF6D9A4F8DF]
	(No symbol) [0x00007FF6D9A87AF2]
	(No symbol) [0x00007FF6D9A8244E]
	(No symbol) [0x00007FF6D9A814F9]
	(No symbol) [0x00007FF6D99D55E5]
	GetHandleVerifier [0x00007FF6D9F767CD+3579853]
	GetHandleVerifier [0x00007FF6D9F8D1D2+3672530]
	GetHandleVerifier [0x00007FF6D9F82153+3627347]
	GetHandleVerifier [0x00007FF6D9CE092A+868650]
	(No symbol) [0x00007FF6D9B82FFF]
	(No symbol) [0x00007FF6D99D41FF]
	GetHandleVerifier [0x00007FF6D9FFFA28+4141608]
	BaseThreadInitThunk [0x00007FFD696D259D+29]
	RtlUserThreadStart [0x00007FFD6B42AF38+40]

2025-03-31 13:12:37,882 - ERROR - Failed to search for keyword weight loss foods: Message: invalid session id
Stacktrace:
	GetHandleVerifier [0x00007FF6D9F14C25+3179557]
	(No symbol) [0x00007FF6D9B788A0]
	(No symbol) [0x00007FF6D9A08FFC]
	(No symbol) [0x00007FF6D9A4F8DF]
	(No symbol) [0x00007FF6D9A87AF2]
	(No symbol) [0x00007FF6D9A8244E]
	(No symbol) [0x00007FF6D9A814F9]
	(No symbol) [0x00007FF6D99D55E5]
	GetHandleVerifier [0x00007FF6D9F767CD+3579853]
	GetHandleVerifier [0x00007FF6D9F8D1D2+3672530]
	GetHandleVerifier [0x00007FF6D9F82153+3627347]
	GetHandleVerifier [0x00007FF6D9CE092A+868650]
	(No symbol) [0x00007FF6D9B82FFF]
	(No symbol) [0x00007FF6D99D41FF]
	GetHandleVerifier [0x00007FF6D9FFFA28+4141608]
	BaseThreadInitThunk [0x00007FFD696D259D+29]
	RtlUserThreadStart [0x00007FFD6B42AF38+40]

2025-03-31 13:12:37,883 - ERROR - Error processing keyword weight loss foods: Message: invalid session id
Stacktrace:
	GetHandleVerifier [0x00007FF6D9F14C25+3179557]
	(No symbol) [0x00007FF6D9B788A0]
	(No symbol) [0x00007FF6D9A08FFC]
	(No symbol) [0x00007FF6D9A4F8DF]
	(No symbol) [0x00007FF6D9A87AF2]
	(No symbol) [0x00007FF6D9A8244E]
	(No symbol) [0x00007FF6D9A814F9]
	(No symbol) [0x00007FF6D99D55E5]
	GetHandleVerifier [0x00007FF6D9F767CD+3579853]
	GetHandleVerifier [0x00007FF6D9F8D1D2+3672530]
	GetHandleVerifier [0x00007FF6D9F82153+3627347]
	GetHandleVerifier [0x00007FF6D9CE092A+868650]
	(No symbol) [0x00007FF6D9B82FFF]
	(No symbol) [0x00007FF6D99D41FF]
	GetHandleVerifier [0x00007FF6D9FFFA28+4141608]
	BaseThreadInitThunk [0x00007FFD696D259D+29]
	RtlUserThreadStart [0x00007FFD6B42AF38+40]

2025-03-31 13:12:37,886 - ERROR - Failed to search for keyword quick healthy snacks: Message: invalid session id
Stacktrace:
	GetHandleVerifier [0x00007FF6D9F14C25+3179557]
	(No symbol) [0x00007FF6D9B788A0]
	(No symbol) [0x00007FF6D9A08FFC]
	(No symbol) [0x00007FF6D9A4F8DF]
	(No symbol) [0x00007FF6D9A87AF2]
	(No symbol) [0x00007FF6D9A8244E]
	(No symbol) [0x00007FF6D9A814F9]
	(No symbol) [0x00007FF6D99D55E5]
	GetHandleVerifier [0x00007FF6D9F767CD+3579853]
	GetHandleVerifier [0x00007FF6D9F8D1D2+3672530]
	GetHandleVerifier [0x00007FF6D9F82153+3627347]
	GetHandleVerifier [0x00007FF6D9CE092A+868650]
	(No symbol) [0x00007FF6D9B82FFF]
	(No symbol) [0x00007FF6D99D41FF]
	GetHandleVerifier [0x00007FF6D9FFFA28+4141608]
	BaseThreadInitThunk [0x00007FFD696D259D+29]
	RtlUserThreadStart [0x00007FFD6B42AF38+40]

2025-03-31 13:12:37,888 - ERROR - Error processing keyword quick healthy snacks: Message: invalid session id
Stacktrace:
	GetHandleVerifier [0x00007FF6D9F14C25+3179557]
	(No symbol) [0x00007FF6D9B788A0]
	(No symbol) [0x00007FF6D9A08FFC]
	(No symbol) [0x00007FF6D9A4F8DF]
	(No symbol) [0x00007FF6D9A87AF2]
	(No symbol) [0x00007FF6D9A8244E]
	(No symbol) [0x00007FF6D9A814F9]
	(No symbol) [0x00007FF6D99D55E5]
	GetHandleVerifier [0x00007FF6D9F767CD+3579853]
	GetHandleVerifier [0x00007FF6D9F8D1D2+3672530]
	GetHandleVerifier [0x00007FF6D9F82153+3627347]
	GetHandleVerifier [0x00007FF6D9CE092A+868650]
	(No symbol) [0x00007FF6D9B82FFF]
	(No symbol) [0x00007FF6D99D41FF]
	GetHandleVerifier [0x00007FF6D9FFFA28+4141608]
	BaseThreadInitThunk [0x00007FFD696D259D+29]
	RtlUserThreadStart [0x00007FFD6B42AF38+40]

2025-03-31 13:12:37,890 - INFO - Total videos collected: 0
